<?xml version="1.0" encoding="UTF-8"?>
<testsuite xmlns:xsi="http://www.w3.org/2001/XMLSchema-instance" xsi:noNamespaceSchemaLocation="https://maven.apache.org/surefire/maven-surefire-plugin/xsd/surefire-test-report-3.0.xsd" version="3.0" name="cucumber.Options.TestRunner" time="3.032" tests="2" errors="0" skipped="0" failures="0">
  <properties>
[...]
</properties>
  <testcase name="Add Place API #1" classname="Validating place API&apos;s" time="2.554">
    <system-out><![CDATA[
Scenario Outline: Add Place API                                    &amp#27;[90m# src/test/java/features/placeValidations.feature:10&amp#27;[0m
  &amp#27;[32mGiven &amp#27;[0m&amp#27;[32mAdd Place Payload with &amp#27;[0m&amp#27;[32m&amp#27;[1m"White House"&amp#27;[0m&amp#27;[32m &amp#27;[0m&amp#27;[32m&amp#27;[1m"English"&amp#27;[0m&amp#27;[32m &amp#27;[0m&amp#27;[32m&amp#27;[1m"Hyderabad"&amp#27;[0m &amp#27;[90m# Stepdefinitions.steps.add_place_payload_with(java.lang.String,java.lang.String,java.lang.String)&amp#27;[0m
  &amp#27;[32mWhen &amp#27;[0m&amp#27;[32muser calls &amp#27;[0m&amp#27;[32m&amp#27;[1m"addPlaceAPI"&amp#27;[0m&amp#27;[32m with &amp#27;[0m&amp#27;[32m&amp#27;[1m"Post"&amp#27;[0m&amp#27;[32m http request&amp#27;[0m           &amp#27;[90m# Stepdefinitions.steps.user_calls_with_http_request(java.lang.String,java.lang.String)&amp#27;[0m
  &amp#27;[32mThen &amp#27;[0m&amp#27;[32mthe API call is success with status code &amp#27;[0m&amp#27;[32m&amp#27;[1m200&amp#27;[0m                &amp#27;[90m# Stepdefinitions.steps.the_api_call_is_success_with_status_code(java.lang.Integer)&amp#27;[0m
{"status":"OK","place_id":"f9a14cebe90459bcd41396cc4c2bb468","scope":"APP","reference":"e9673e7a36183f6d69043eeac3350381e9673e7a36183f6d69043eeac3350381","id":"e9673e7a36183f6d69043eeac3350381"}
  &amp#27;[32mAnd &amp#27;[0m&amp#27;[32m&amp#27;[0m&amp#27;[32m&amp#27;[1m"status"&amp#27;[0m&amp#27;[32m in response body is &amp#27;[0m&amp#27;[32m&amp#27;[1m"OK"&amp#27;[0m                            &amp#27;[90m# Stepdefinitions.steps.in_response_body_is(java.lang.String,java.lang.String)&amp#27;[0m
{"status":"OK","place_id":"f9a14cebe90459bcd41396cc4c2bb468","scope":"APP","reference":"e9673e7a36183f6d69043eeac3350381e9673e7a36183f6d69043eeac3350381","id":"e9673e7a36183f6d69043eeac3350381"}
  &amp#27;[32mAnd &amp#27;[0m&amp#27;[32m&amp#27;[0m&amp#27;[32m&amp#27;[1m"scope"&amp#27;[0m&amp#27;[32m in response body is &amp#27;[0m&amp#27;[32m&amp#27;[1m"APP"&amp#27;[0m                            &amp#27;[90m# Stepdefinitions.steps.in_response_body_is(java.lang.String,java.lang.String)&amp#27;[0m
]]></system-out>
  </testcase>
  <testcase name="Add Place API #2" classname="Validating place API&apos;s" time="0.203">
    <system-out><![CDATA[
Scenario Outline: Add Place API                               &amp#27;[90m# src/test/java/features/placeValidations.feature:11&amp#27;[0m
  &amp#27;[32mGiven &amp#27;[0m&amp#27;[32mAdd Place Payload with &amp#27;[0m&amp#27;[32m&amp#27;[1m"KV Heights"&amp#27;[0m&amp#27;[32m &amp#27;[0m&amp#27;[32m&amp#27;[1m"French"&amp#27;[0m&amp#27;[32m &amp#27;[0m&amp#27;[32m&amp#27;[1m"France"&amp#27;[0m &amp#27;[90m# Stepdefinitions.steps.add_place_payload_with(java.lang.String,java.lang.String,java.lang.String)&amp#27;[0m
  &amp#27;[32mWhen &amp#27;[0m&amp#27;[32muser calls &amp#27;[0m&amp#27;[32m&amp#27;[1m"addPlaceAPI"&amp#27;[0m&amp#27;[32m with &amp#27;[0m&amp#27;[32m&amp#27;[1m"Post"&amp#27;[0m&amp#27;[32m http request&amp#27;[0m      &amp#27;[90m# Stepdefinitions.steps.user_calls_with_http_request(java.lang.String,java.lang.String)&amp#27;[0m
  &amp#27;[32mThen &amp#27;[0m&amp#27;[32mthe API call is success with status code &amp#27;[0m&amp#27;[32m&amp#27;[1m200&amp#27;[0m           &amp#27;[90m# Stepdefinitions.steps.the_api_call_is_success_with_status_code(java.lang.Integer)&amp#27;[0m
{"status":"OK","place_id":"050dac72c2d75320037f4b8b6a07741e","scope":"APP","reference":"0d0cbebc7b1f6ad69f6390314edaaaf00d0cbebc7b1f6ad69f6390314edaaaf0","id":"0d0cbebc7b1f6ad69f6390314edaaaf0"}
  &amp#27;[32mAnd &amp#27;[0m&amp#27;[32m&amp#27;[0m&amp#27;[32m&amp#27;[1m"status"&amp#27;[0m&amp#27;[32m in response body is &amp#27;[0m&amp#27;[32m&amp#27;[1m"OK"&amp#27;[0m                       &amp#27;[90m# Stepdefinitions.steps.in_response_body_is(java.lang.String,java.lang.String)&amp#27;[0m
{"status":"OK","place_id":"050dac72c2d75320037f4b8b6a07741e","scope":"APP","reference":"0d0cbebc7b1f6ad69f6390314edaaaf00d0cbebc7b1f6ad69f6390314edaaaf0","id":"0d0cbebc7b1f6ad69f6390314edaaaf0"}
  &amp#27;[32mAnd &amp#27;[0m&amp#27;[32m&amp#27;[0m&amp#27;[32m&amp#27;[1m"scope"&amp#27;[0m&amp#27;[32m in response body is &amp#27;[0m&amp#27;[32m&amp#27;[1m"APP"&amp#27;[0m                       &amp#27;[90m# Stepdefinitions.steps.in_response_body_is(java.lang.String,java.lang.String)&amp#27;[0m
]]></system-out>
  </testcase>
</testsuite>